{"uuid":"60a59584-9790-4d93-ac22-d9744061be4e","historyId":"ae90b20270d736ac5757304a765dc0a4","fullName":"src/test/java/specs/features/Alpha.feature:4","labels":[{"name":"tag","value":"TestThree"},{"name":"host","value":"DESKTOP-RKT0V6J"},{"name":"thread","value":"1644@DESKTOP-RKT0V6J.pool-1-thread-1(18)"},{"name":"feature","value":"alpha test"},{"name":"story","value":"Failure login"},{"name":"suite","value":"alpha test"},{"name":"testClass","value":"Failure login"},{"name":"framework","value":"cucumber4jvm"},{"name":"language","value":"java"},{"name":"gherkin_uri","value":"file:///C:/Users/WajdiABDELHAFIDH/OneDrive%20-%20Mobelite/Bureau/BetaFrameWork/src/test/java/specs/features/Alpha.feature"},{"name":"package","value":"src.test.java.specs.features.Alpha_feature.alpha test"}],"links":[],"name":"Failure login","status":"broken","statusDetails":{"known":false,"muted":false,"flaky":false,"message":"Unable to find element with locator By.xpath: //div[@role='alert']\nFor documentation on this error, please visit: https://www.selenium.dev/documentation/webdriver/troubleshooting/errors#no-such-element-exception\nBuild info: version: '4.16.1', revision: '9b4c83354e'\nSystem info: os.name: 'Windows 10', os.arch: 'amd64', os.version: '10.0', java.version: '17.0.5'\nDriver info: driver.version: RemoteWebDriver","trace":"org.openqa.selenium.NoSuchElementException: Unable to find element with locator By.xpath: //div[@role='alert']\nFor documentation on this error, please visit: https://www.selenium.dev/documentation/webdriver/troubleshooting/errors#no-such-element-exception\nBuild info: version: '4.16.1', revision: '9b4c83354e'\nSystem info: os.name: 'Windows 10', os.arch: 'amd64', os.version: '10.0', java.version: '17.0.5'\nDriver info: driver.version: RemoteWebDriver\r\n\tat org.openqa.selenium.remote.ElementLocation$ElementFinder$2.findElement(ElementLocation.java:168)\r\n\tat org.openqa.selenium.remote.ElementLocation.findElement(ElementLocation.java:59)\r\n\tat org.openqa.selenium.remote.RemoteWebDriver.findElement(RemoteWebDriver.java:360)\r\n\tat org.openqa.selenium.remote.RemoteWebDriver.findElement(RemoteWebDriver.java:354)\r\n\tat org.openqa.selenium.support.pagefactory.DefaultElementLocator.findElement(DefaultElementLocator.java:68)\r\n\tat org.openqa.selenium.support.pagefactory.internal.LocatingElementHandler.invoke(LocatingElementHandler.java:38)\r\n\tat jdk.proxy2/jdk.proxy2.$Proxy23.isDisplayed(Unknown Source)\r\n\tat com.BetaFrameWork.page.AlphaPage.failedLoginAssert(AlphaPage.java:33)\r\n\tat com.BetaFrameWork.steps.AlphaSteps.the_error_message_should_be_displayed_indicating_a_failed_login(AlphaSteps.java:33)\r\n\tat ✽.The error message should be displayed, indicating a failed login(file:///C:/Users/WajdiABDELHAFIDH/OneDrive%20-%20Mobelite/Bureau/BetaFrameWork/src/test/java/specs/features/Alpha.feature:8)\r\n"},"stage":"finished","steps":[{"name":"Given  the user is on the login page","status":"passed","statusDetails":{"known":false,"muted":false,"flaky":false},"stage":"finished","steps":[],"attachments":[],"parameters":[],"start":1703150999608,"stop":1703151002462},{"name":"When  the user enters invalid username  and password","status":"passed","statusDetails":{"known":false,"muted":false,"flaky":false},"stage":"finished","steps":[],"attachments":[],"parameters":[],"start":1703151002462,"stop":1703151002867},{"name":"And  clicks on the login button","status":"passed","statusDetails":{"known":false,"muted":false,"flaky":false},"stage":"finished","steps":[],"attachments":[],"parameters":[],"start":1703151002867,"stop":1703151002931},{"name":"Then  The error message should be displayed, indicating a failed login","status":"broken","statusDetails":{"known":false,"muted":false,"flaky":false,"message":"Unable to find element with locator By.xpath: //div[@role='alert']\nFor documentation on this error, please visit: https://www.selenium.dev/documentation/webdriver/troubleshooting/errors#no-such-element-exception\nBuild info: version: '4.16.1', revision: '9b4c83354e'\nSystem info: os.name: 'Windows 10', os.arch: 'amd64', os.version: '10.0', java.version: '17.0.5'\nDriver info: driver.version: RemoteWebDriver","trace":"org.openqa.selenium.NoSuchElementException: Unable to find element with locator By.xpath: //div[@role='alert']\nFor documentation on this error, please visit: https://www.selenium.dev/documentation/webdriver/troubleshooting/errors#no-such-element-exception\nBuild info: version: '4.16.1', revision: '9b4c83354e'\nSystem info: os.name: 'Windows 10', os.arch: 'amd64', os.version: '10.0', java.version: '17.0.5'\nDriver info: driver.version: RemoteWebDriver\r\n\tat org.openqa.selenium.remote.ElementLocation$ElementFinder$2.findElement(ElementLocation.java:168)\r\n\tat org.openqa.selenium.remote.ElementLocation.findElement(ElementLocation.java:59)\r\n\tat org.openqa.selenium.remote.RemoteWebDriver.findElement(RemoteWebDriver.java:360)\r\n\tat org.openqa.selenium.remote.RemoteWebDriver.findElement(RemoteWebDriver.java:354)\r\n\tat org.openqa.selenium.support.pagefactory.DefaultElementLocator.findElement(DefaultElementLocator.java:68)\r\n\tat org.openqa.selenium.support.pagefactory.internal.LocatingElementHandler.invoke(LocatingElementHandler.java:38)\r\n\tat jdk.proxy2/jdk.proxy2.$Proxy23.isDisplayed(Unknown Source)\r\n\tat com.BetaFrameWork.page.AlphaPage.failedLoginAssert(AlphaPage.java:33)\r\n\tat com.BetaFrameWork.steps.AlphaSteps.the_error_message_should_be_displayed_indicating_a_failed_login(AlphaSteps.java:33)\r\n\tat ✽.The error message should be displayed, indicating a failed login(file:///C:/Users/WajdiABDELHAFIDH/OneDrive%20-%20Mobelite/Bureau/BetaFrameWork/src/test/java/specs/features/Alpha.feature:8)\r\n"},"stage":"finished","steps":[],"attachments":[],"parameters":[],"start":1703151002931,"stop":1703151009874}],"attachments":[],"parameters":[],"start":1703150996968,"stop":1703151009895}